<?xml version="1.0" encoding="UTF-8"?>
<!-- Generated by org.testng.reporters.JUnitReportReporter -->
<testsuite skipped="0" hostname="DESKTOP-G84RU3C" name="Tests.SmokeTest" tests="1" failures="0" timestamp="12 Jul 2020 20:24:00 GMT" time="16.437" errors="0">
  <testcase name="createAccount" time="16.437" classname="Tests.SmokeTest"/>
</testsuite> <!-- Tests.SmokeTest -->
