<?xml version="1.0" encoding="UTF-8"?>
<!-- Generated by org.testng.reporters.JUnitReportReporter -->
<testsuite skipped="1" hostname="DESKTOP-G84RU3C" name="Tests.HotelLogin" tests="2" failures="0" timestamp="15 Jul 2020 00:18:56 GMT" time="18.200" errors="0">
  <testcase name="loginWithParameter" time="18.200" classname="Tests.HotelLogin"/>
  <testcase name="loginToHotelPage" classname="Tests.HotelLogin">
    <skipped/>
  </testcase> <!-- loginToHotelPage -->
</testsuite> <!-- Tests.HotelLogin -->
