<?xml version="1.0" encoding="UTF-8"?>
<!-- Generated by org.testng.reporters.JUnitReportReporter -->
<testsuite skipped="0" hostname="DESKTOP-G84RU3C" name="classPractice.Mobile" tests="1" failures="0" timestamp="08 Jul 2020 23:31:30 GMT" time="0.006" errors="0">
  <testcase name="login" time="0.006" classname="classPractice.Mobile"/>
</testsuite> <!-- classPractice.Mobile -->
