<?xml version="1.0" encoding="UTF-8"?>
<!-- Generated by org.testng.reporters.JUnitReportReporter -->
<testsuite skipped="2" hostname="DESKTOP-G84RU3C" name="Tests.TestNGConcepts" tests="15" failures="0" timestamp="12 Jul 2020 20:24:00 GMT" time="0.065" errors="0">
  <testcase name="checkTitle" time="0.001" classname="Tests.TestNGConcepts"/>
  <testcase name="customerTest" time="0.004" classname="Tests.TestNGConcepts"/>
  <testcase name="checkTitle" time="0.002" classname="Tests.TestNGConcepts"/>
  <testcase name="checkTitle" time="0.004" classname="Tests.TestNGConcepts"/>
  <testcase name="checkTitle" time="0.002" classname="Tests.TestNGConcepts"/>
  <testcase name="checkTitle" time="0.002" classname="Tests.TestNGConcepts"/>
  <testcase name="logOut" time="0.002" classname="Tests.TestNGConcepts"/>
  <testcase name="checkTitle" time="0.003" classname="Tests.TestNGConcepts"/>
  <testcase name="checkTitle" time="0.002" classname="Tests.TestNGConcepts"/>
  <testcase name="dashBoard" time="0.003" classname="Tests.TestNGConcepts"/>
  <testcase name="checkTitle" time="0.002" classname="Tests.TestNGConcepts"/>
  <testcase name="checkTitle" time="0.035" classname="Tests.TestNGConcepts"/>
  <testcase name="checkTitle" time="0.003" classname="Tests.TestNGConcepts"/>
  <testcase name="signIn" classname="Tests.TestNGConcepts">
    <skipped/>
  </testcase> <!-- signIn -->
  <testcase name="homePage" classname="Tests.TestNGConcepts">
    <skipped/>
  </testcase> <!-- homePage -->
</testsuite> <!-- Tests.TestNGConcepts -->
