<?xml version="1.0" encoding="UTF-8"?>
<!-- Generated by org.testng.reporters.JUnitReportReporter -->
<testsuite skipped="0" hostname="DESKTOP-G84RU3C" name="classPractice.Web" tests="2" failures="0" timestamp="09 Jul 2020 00:12:05 GMT" time="0.008" errors="0">
  <testcase name="logOut" time="0.006" classname="classPractice.Web"/>
  <testcase name="logOutOne" time="0.002" classname="classPractice.Web"/>
</testsuite> <!-- classPractice.Web -->
